2019-04-08 00:37:45 [-][-][-][error][yii\base\InvalidConfigException] yii\base\InvalidConfigException: You should configure "authManager" component to use database before executing this migration. in C:\projetos\RBAC\vendor\yiisoft\yii2\rbac\migrations\m140506_102106_rbac_init.php:27
Stack trace:
#0 C:\projetos\RBAC\vendor\yiisoft\yii2\rbac\migrations\m140506_102106_rbac_init.php(51): m140506_102106_rbac_init->getAuthManager()
#1 C:\projetos\RBAC\vendor\yiisoft\yii2\console\controllers\BaseMigrateController.php(725): m140506_102106_rbac_init->up()
#2 C:\projetos\RBAC\vendor\yiisoft\yii2\console\controllers\BaseMigrateController.php(199): yii\console\controllers\BaseMigrateController->migrateUp('m140506_102106_...')
#3 [internal function]: yii\console\controllers\BaseMigrateController->actionUp(0)
#4 C:\projetos\RBAC\vendor\yiisoft\yii2\base\InlineAction.php(57): call_user_func_array(Array, Array)
#5 C:\projetos\RBAC\vendor\yiisoft\yii2\base\Controller.php(157): yii\base\InlineAction->runWithParams(Array)
#6 C:\projetos\RBAC\vendor\yiisoft\yii2\console\Controller.php(148): yii\base\Controller->runAction('', Array)
#7 C:\projetos\RBAC\vendor\yiisoft\yii2\base\Module.php(528): yii\console\Controller->runAction('', Array)
#8 C:\projetos\RBAC\vendor\yiisoft\yii2\console\Application.php(180): yii\base\Module->runAction('migrate', Array)
#9 C:\projetos\RBAC\vendor\yiisoft\yii2\console\Application.php(147): yii\console\Application->runAction('migrate', Array)
#10 C:\projetos\RBAC\vendor\yiisoft\yii2\base\Application.php(386): yii\console\Application->handleRequest(Object(yii\console\Request))
#11 C:\projetos\RBAC\yii(23): yii\base\Application->run()
#12 {main}
2019-04-08 00:37:43 [-][-][-][info][application] $_GET = []

$_POST = []

$_FILES = []

$_COOKIE = []

$_SERVER = [
    'ACLOCAL_PATH' => '/mingw64/share/aclocal:/usr/share/aclocal'
    'ALLUSERSPROFILE' => 'C:\\ProgramData'
    'ANDROID_HOME' => 'C:\\Users\\Carlos\\AppData\\Local\\Android\\Sdk'
    'APPDATA' => 'C:\\Users\\Carlos\\AppData\\Roaming'
    'COMMONPROGRAMFILES' => 'C:\\Program Files\\Common Files'
    'CommonProgramFiles(x86)' => 'C:\\Program Files (x86)\\Common Files'
    'CommonProgramW6432' => 'C:\\Program Files\\Common Files'
    'COMPOSE_CONVERT_WINDOWS_PATHS' => 'true'
    'COMPUTERNAME' => 'LAPTOP-CNLJQPEM'
    'COMSPEC' => 'C:\\WINDOWS\\system32\\cmd.exe'
    'CONFIG_SITE' => '/mingw64/etc/config.site'
    'DISPLAY' => 'needs-to-be-defined'
    'DOCKER_CERT_PATH' => 'C:\\Users\\Carlos\\.docker\\machine\\machines\\default'
    'DOCKER_HOST' => 'tcp://192.168.99.100:2376'
    'DOCKER_MACHINE_NAME' => 'default'
    'DOCKER_TLS_VERIFY' => '1'
    'DOCKER_TOOLBOX_INSTALL_PATH' => 'C:\\Program Files\\Docker Toolbox'
    'DriverData' => 'C:\\Windows\\System32\\Drivers\\DriverData'
    'ES_HOME' => 'C:\\Program Files\\Elastic\\Elasticsearch\\6.3.0\\'
    'ES_PATH_CONF' => 'C:\\ProgramData\\Elastic\\Elasticsearch\\config'
    'EXEPATH' => 'C:\\Program Files\\Git'
    'FPS_BROWSER_APP_PROFILE_STRING' => 'Internet Explorer'
    'FPS_BROWSER_USER_PROFILE_STRING' => 'Default'
    'HOME' => 'C:\\Users\\Carlos'
    'HOMEDRIVE' => 'C:'
    'HOMEPATH' => '\\Users\\Carlos'
    'HOSTNAME' => 'LAPTOP-CNLJQPEM'
    'INFOPATH' => '/usr/local/info:/usr/share/info:/usr/info:/share/info'
    'LANG' => 'pt_BR.UTF-8'
    'LOCALAPPDATA' => 'C:\\Users\\Carlos\\AppData\\Local'
    'LOGONSERVER' => '\\\\LAPTOP-CNLJQPEM'
    'MANPATH' => '/mingw64/local/man:/mingw64/share/man:/usr/local/man:/usr/share/man:/usr/man:/share/man'
    'MINGW_CHOST' => 'x86_64-w64-mingw32'
    'MINGW_PACKAGE_PREFIX' => 'mingw-w64-x86_64'
    'MINGW_PREFIX' => '/mingw64'
    'MSYSTEM' => 'MINGW64'
    'MSYSTEM_CARCH' => 'x86_64'
    'MSYSTEM_CHOST' => 'x86_64-w64-mingw32'
    'MSYSTEM_PREFIX' => '/mingw64'
    'NO_PROXY' => '192.168.99.100'
    'NUMBER_OF_PROCESSORS' => '4'
    'OneDrive' => 'C:\\Users\\Carlos\\OneDrive'
    'ORIGINAL_PATH' => 'C:\\Program Files\\Git\\mingw64\\bin;C:\\Program Files\\Git\\usr\\bin;C:\\Users\\Carlos\\bin;C:\\ProgramData\\Anaconda3;C:\\ProgramData\\Anaconda3\\Library\\mingw-w64\\bin;C:\\ProgramData\\Anaconda3\\Library\\usr\\bin;C:\\ProgramData\\Anaconda3\\Library\\bin;C:\\ProgramData\\Anaconda3\\Scripts;C:\\Python36\\Scripts;C:\\Python36;C:\\Python37-32\\Scripts;C:\\Python37-32;C:\\Program Files (x86)\\Common Files\\Oracle\\Java\\javapath;C:\\Program Files (x86)\\Intel\\iCLS Client;C:\\Program Files\\Intel\\iCLS Client;C:\\WINDOWS\\system32;C:\\WINDOWS;C:\\WINDOWS\\System32\\Wbem;C:\\WINDOWS\\System32\\WindowsPowerShell\\v1.0;C:\\Program Files (x86)\\Intel\\Intel(R) Management Engine Components\\DAL;C:\\Program Files\\Intel\\Intel(R) Management Engine Components\\DAL;C:\\Program Files (x86)\\Intel\\Intel(R) Management Engine Components\\IPT;C:\\Program Files\\Intel\\Intel(R) Management Engine Components\\IPT;C:\\Program Files\\TortoiseHg;C:\\php7.1.19;C:\\ProgramData\\ComposerSetup\\bin;C:\\Program Files\\nodejs;C:\\Program Files\\Git\\cmd;C:\\Program Files\\PuTTY;C:\\WINDOWS\\System32\\OpenSSH;C:\\Users\\Carlos\\AppData\\Local\\Android\\Sdk\\platforms;C:\\Users\\Carlos\\AppData\\Local\\Android\\Sdk\\platform-tools;C:\\Program Files\\Java\\jdk-11.0.1\\bin;C:\\Python37\\Scripts;C:\\Python37;C:\\Users\\Carlos\\AppData\\Local\\Microsoft\\WindowsApps;C:\\Users\\Carlos\\AppData\\Roaming\\Composer\\vendor\\bin;C:\\Users\\Carlos\\AppData\\Roaming\\npm;C:\\Users\\Carlos\\Documents\\EXECUTAVEIS\\kibana-6.3.0-windows-x86_64\\bin;C:\\Users\\Carlos\\Documents\\EXECUTAVEIS\\cmder;C:\\Program Files\\MongoDB\\Server\\4.0\\bin;C:\\xampp\\php;C:\\ffmpeg\\bin;C:\\Users\\Carlos\\AppData\\Local\\Programs\\Microsoft VS Code\\bin;C:\\Users\\Carlos\\Desktop\\_mobile\\flutter\\bin;C:\\ProgramData\\Microsoft\\Windows\\Start Menu\\Programs\\KDiff3'
    'ORIGINAL_TEMP' => '/tmp'
    'ORIGINAL_TMP' => '/tmp'
    'OS' => 'Windows_NT'
    'PATH' => 'C:\\Users\\Carlos\\bin;C:\\Program Files\\Git\\mingw64\\bin;C:\\Program Files\\Git\\usr\\local\\bin;C:\\Program Files\\Git\\usr\\bin;C:\\Program Files\\Git\\usr\\bin;C:\\Program Files\\Git\\mingw64\\bin;C:\\Program Files\\Git\\usr\\bin;C:\\Users\\Carlos\\bin;C:\\ProgramData\\Anaconda3;C:\\ProgramData\\Anaconda3\\Library\\mingw-w64\\bin;C:\\ProgramData\\Anaconda3\\Library\\usr\\bin;C:\\ProgramData\\Anaconda3\\Library\\bin;C:\\ProgramData\\Anaconda3\\Scripts;C:\\Python36\\Scripts;C:\\Python36;C:\\Python37-32\\Scripts;C:\\Python37-32;C:\\Program Files (x86)\\Common Files\\Oracle\\Java\\javapath;C:\\Program Files (x86)\\Intel\\iCLS Client;C:\\Program Files\\Intel\\iCLS Client;C:\\WINDOWS\\system32;C:\\WINDOWS;C:\\WINDOWS\\System32\\Wbem;C:\\WINDOWS\\System32\\WindowsPowerShell\\v1.0;C:\\Program Files (x86)\\Intel\\Intel(R) Management Engine Components\\DAL;C:\\Program Files\\Intel\\Intel(R) Management Engine Components\\DAL;C:\\Program Files (x86)\\Intel\\Intel(R) Management Engine Components\\IPT;C:\\Program Files\\Intel\\Intel(R) Management Engine Components\\IPT;C:\\Program Files\\TortoiseHg;C:\\php7.1.19;C:\\ProgramData\\ComposerSetup\\bin;C:\\Program Files\\nodejs;C:\\Program Files\\Git\\cmd;C:\\Program Files\\PuTTY;C:\\WINDOWS\\System32\\OpenSSH;C:\\Users\\Carlos\\AppData\\Local\\Android\\Sdk\\platforms;C:\\Users\\Carlos\\AppData\\Local\\Android\\Sdk\\platform-tools;C:\\Program Files\\Java\\jdk-11.0.1\\bin;C:\\Python37\\Scripts;C:\\Python37;C:\\Users\\Carlos\\AppData\\Local\\Microsoft\\WindowsApps;C:\\Users\\Carlos\\AppData\\Roaming\\Composer\\vendor\\bin;C:\\Users\\Carlos\\AppData\\Roaming\\npm;C:\\Users\\Carlos\\Documents\\EXECUTAVEIS\\kibana-6.3.0-windows-x86_64\\bin;C:\\Users\\Carlos\\Documents\\EXECUTAVEIS\\cmder;C:\\Program Files\\MongoDB\\Server\\4.0\\bin;C:\\xampp\\php;C:\\ffmpeg\\bin;C:\\Users\\Carlos\\AppData\\Local\\Programs\\Microsoft VS Code\\bin;C:\\Users\\Carlos\\Desktop\\_mobile\\flutter\\bin;C:\\ProgramData\\Microsoft\\Windows\\Start Menu\\Programs\\KDiff3;C:\\Program Files\\Git\\usr\\bin\\vendor_perl;C:\\Program Files\\Git\\usr\\bin\\core_perl'
    'PATHEXT' => '.COM;.EXE;.BAT;.CMD;.VBS;.VBE;.JS;.JSE;.WSF;.WSH;.MSC'
    'PKG_CONFIG_PATH' => '/mingw64/lib/pkgconfig:/mingw64/share/pkgconfig'
    'PLINK_PROTOCOL' => 'ssh'
    'PROCESSOR_ARCHITECTURE' => 'AMD64'
    'PROCESSOR_IDENTIFIER' => 'Intel64 Family 6 Model 142 Stepping 9, GenuineIntel'
    'PROCESSOR_LEVEL' => '6'
    'PROCESSOR_REVISION' => '8e09'
    'ProgramData' => 'C:\\ProgramData'
    'PROGRAMFILES' => 'C:\\Program Files'
    'ProgramFiles(x86)' => 'C:\\Program Files (x86)'
    'ProgramW6432' => 'C:\\Program Files'
    'PS1' => '\\[\\033]0;$TITLEPREFIX:$PWD\\007\\]\\n\\[\\033[32m\\]\\u@\\h \\[\\033[35m\\]$MSYSTEM \\[\\033[33m\\]\\w\\[\\033[36m\\]`__git_ps1`\\[\\033[0m\\]\\n$ '
    'PSModulePath' => 'C:\\Program Files\\WindowsPowerShell\\Modules;C:\\WINDOWS\\system32\\WindowsPowerShell\\v1.0\\Modules'
    'PUBLIC' => 'C:\\Users\\Public'
    'PWD' => '/c/projetos/RBAC'
    'SESSIONNAME' => 'Console'
    'SHELL' => 'C:\\Program Files\\Git\\usr\\bin\\bash.exe'
    'SHLVL' => '1'
    'SSH_ASKPASS' => '/mingw64/libexec/git-core/git-gui--askpass'
    'SYSTEMDRIVE' => 'C:'
    'SYSTEMROOT' => 'C:\\WINDOWS'
    'TEMP' => 'C:\\Users\\Carlos\\AppData\\Local\\Temp'
    'TMP' => 'C:\\Users\\Carlos\\AppData\\Local\\Temp'
    'TMPDIR' => 'C:\\Users\\Carlos\\AppData\\Local\\Temp'
    'USERDOMAIN' => 'LAPTOP-CNLJQPEM'
    'USERDOMAIN_ROAMINGPROFILE' => 'LAPTOP-CNLJQPEM'
    'USERNAME' => 'Carlos'
    'USERPROFILE' => 'C:\\Users\\Carlos'
    'VBOX_MSI_INSTALL_PATH' => 'C:\\Program Files\\Oracle\\VirtualBox\\'
    'WINDIR' => 'C:\\WINDOWS'
    '_' => '/usr/bin/winpty'
    'PHP_SELF' => 'yii'
    'SCRIPT_NAME' => 'yii'
    'SCRIPT_FILENAME' => 'yii'
    'PATH_TRANSLATED' => 'yii'
    'DOCUMENT_ROOT' => ''
    'REQUEST_TIME_FLOAT' => 1554683863.7889
    'REQUEST_TIME' => 1554683863
    'argv' => [
        0 => 'yii'
        1 => 'migrate'
        2 => '--migrationPath=@yii/rbac/migrations'
    ]
    'argc' => 3
]
2019-04-08 02:05:34 [-][-][-][error][yii\base\UnknownPropertyException] yii\base\UnknownPropertyException: Getting unknown property: yii\console\ErrorHandler::errorAction in C:\projetos\RBAC\vendor\yiisoft\yii2\base\Component.php:154
Stack trace:
#0 C:\projetos\RBAC\vendor\mdmsoft\yii2-admin\components\AccessControl.php(98): yii\base\Component->__get('errorAction')
#1 C:\projetos\RBAC\vendor\yiisoft\yii2\base\ActionFilter.php(73): mdm\admin\components\AccessControl->isActive(Object(yii\base\InlineAction))
#2 [internal function]: yii\base\ActionFilter->beforeFilter(Object(yii\base\ActionEvent))
#3 C:\projetos\RBAC\vendor\yiisoft\yii2\base\Component.php(627): call_user_func(Array, Object(yii\base\ActionEvent))
#4 C:\projetos\RBAC\vendor\yiisoft\yii2\base\Module.php(700): yii\base\Component->trigger('beforeAction', Object(yii\base\ActionEvent))
#5 C:\projetos\RBAC\vendor\yiisoft\yii2\base\Controller.php(145): yii\base\Module->beforeAction(Object(yii\base\InlineAction))
#6 C:\projetos\RBAC\vendor\yiisoft\yii2\console\Controller.php(148): yii\base\Controller->runAction('', Array)
#7 C:\projetos\RBAC\vendor\yiisoft\yii2\base\Module.php(528): yii\console\Controller->runAction('', Array)
#8 C:\projetos\RBAC\vendor\yiisoft\yii2\console\Application.php(180): yii\base\Module->runAction('migrate', Array)
#9 C:\projetos\RBAC\vendor\yiisoft\yii2\console\Application.php(147): yii\console\Application->runAction('migrate', Array)
#10 C:\projetos\RBAC\vendor\yiisoft\yii2\base\Application.php(386): yii\console\Application->handleRequest(Object(yii\console\Request))
#11 C:\projetos\RBAC\yii(23): yii\base\Application->run()
#12 {main}
2019-04-08 02:05:34 [-][-][-][info][application] $_GET = []

$_POST = []

$_FILES = []

$_COOKIE = []

$_SERVER = [
    'ACLOCAL_PATH' => '/mingw64/share/aclocal:/usr/share/aclocal'
    'ALLUSERSPROFILE' => 'C:\\ProgramData'
    'ANDROID_HOME' => 'C:\\Users\\Carlos\\AppData\\Local\\Android\\Sdk'
    'APPDATA' => 'C:\\Users\\Carlos\\AppData\\Roaming'
    'COMMONPROGRAMFILES' => 'C:\\Program Files\\Common Files'
    'CommonProgramFiles(x86)' => 'C:\\Program Files (x86)\\Common Files'
    'CommonProgramW6432' => 'C:\\Program Files\\Common Files'
    'COMPOSE_CONVERT_WINDOWS_PATHS' => 'true'
    'COMPUTERNAME' => 'LAPTOP-CNLJQPEM'
    'COMSPEC' => 'C:\\WINDOWS\\system32\\cmd.exe'
    'CONFIG_SITE' => '/mingw64/etc/config.site'
    'DISPLAY' => 'needs-to-be-defined'
    'DOCKER_CERT_PATH' => 'C:\\Users\\Carlos\\.docker\\machine\\machines\\default'
    'DOCKER_HOST' => 'tcp://192.168.99.100:2376'
    'DOCKER_MACHINE_NAME' => 'default'
    'DOCKER_TLS_VERIFY' => '1'
    'DOCKER_TOOLBOX_INSTALL_PATH' => 'C:\\Program Files\\Docker Toolbox'
    'DriverData' => 'C:\\Windows\\System32\\Drivers\\DriverData'
    'ES_HOME' => 'C:\\Program Files\\Elastic\\Elasticsearch\\6.3.0\\'
    'ES_PATH_CONF' => 'C:\\ProgramData\\Elastic\\Elasticsearch\\config'
    'EXEPATH' => 'C:\\Program Files\\Git'
    'FPS_BROWSER_APP_PROFILE_STRING' => 'Internet Explorer'
    'FPS_BROWSER_USER_PROFILE_STRING' => 'Default'
    'HOME' => 'C:\\Users\\Carlos'
    'HOMEDRIVE' => 'C:'
    'HOMEPATH' => '\\Users\\Carlos'
    'HOSTNAME' => 'LAPTOP-CNLJQPEM'
    'INFOPATH' => '/usr/local/info:/usr/share/info:/usr/info:/share/info'
    'LANG' => 'pt_BR.UTF-8'
    'LOCALAPPDATA' => 'C:\\Users\\Carlos\\AppData\\Local'
    'LOGONSERVER' => '\\\\LAPTOP-CNLJQPEM'
    'MANPATH' => '/mingw64/local/man:/mingw64/share/man:/usr/local/man:/usr/share/man:/usr/man:/share/man'
    'MINGW_CHOST' => 'x86_64-w64-mingw32'
    'MINGW_PACKAGE_PREFIX' => 'mingw-w64-x86_64'
    'MINGW_PREFIX' => '/mingw64'
    'MSYSTEM' => 'MINGW64'
    'MSYSTEM_CARCH' => 'x86_64'
    'MSYSTEM_CHOST' => 'x86_64-w64-mingw32'
    'MSYSTEM_PREFIX' => '/mingw64'
    'NO_PROXY' => '192.168.99.100'
    'NUMBER_OF_PROCESSORS' => '4'
    'OneDrive' => 'C:\\Users\\Carlos\\OneDrive'
    'ORIGINAL_PATH' => 'C:\\Program Files\\Git\\mingw64\\bin;C:\\Program Files\\Git\\usr\\bin;C:\\Users\\Carlos\\bin;C:\\ProgramData\\Anaconda3;C:\\ProgramData\\Anaconda3\\Library\\mingw-w64\\bin;C:\\ProgramData\\Anaconda3\\Library\\usr\\bin;C:\\ProgramData\\Anaconda3\\Library\\bin;C:\\ProgramData\\Anaconda3\\Scripts;C:\\Python36\\Scripts;C:\\Python36;C:\\Python37-32\\Scripts;C:\\Python37-32;C:\\Program Files (x86)\\Common Files\\Oracle\\Java\\javapath;C:\\Program Files (x86)\\Intel\\iCLS Client;C:\\Program Files\\Intel\\iCLS Client;C:\\WINDOWS\\system32;C:\\WINDOWS;C:\\WINDOWS\\System32\\Wbem;C:\\WINDOWS\\System32\\WindowsPowerShell\\v1.0;C:\\Program Files (x86)\\Intel\\Intel(R) Management Engine Components\\DAL;C:\\Program Files\\Intel\\Intel(R) Management Engine Components\\DAL;C:\\Program Files (x86)\\Intel\\Intel(R) Management Engine Components\\IPT;C:\\Program Files\\Intel\\Intel(R) Management Engine Components\\IPT;C:\\Program Files\\TortoiseHg;C:\\php7.1.19;C:\\ProgramData\\ComposerSetup\\bin;C:\\Program Files\\nodejs;C:\\Program Files\\Git\\cmd;C:\\Program Files\\PuTTY;C:\\WINDOWS\\System32\\OpenSSH;C:\\Users\\Carlos\\AppData\\Local\\Android\\Sdk\\platforms;C:\\Users\\Carlos\\AppData\\Local\\Android\\Sdk\\platform-tools;C:\\Program Files\\Java\\jdk-11.0.1\\bin;C:\\Python37\\Scripts;C:\\Python37;C:\\Users\\Carlos\\AppData\\Local\\Microsoft\\WindowsApps;C:\\Users\\Carlos\\AppData\\Roaming\\Composer\\vendor\\bin;C:\\Users\\Carlos\\AppData\\Roaming\\npm;C:\\Users\\Carlos\\Documents\\EXECUTAVEIS\\kibana-6.3.0-windows-x86_64\\bin;C:\\Users\\Carlos\\Documents\\EXECUTAVEIS\\cmder;C:\\Program Files\\MongoDB\\Server\\4.0\\bin;C:\\xampp\\php;C:\\ffmpeg\\bin;C:\\Users\\Carlos\\AppData\\Local\\Programs\\Microsoft VS Code\\bin;C:\\Users\\Carlos\\Desktop\\_mobile\\flutter\\bin;C:\\ProgramData\\Microsoft\\Windows\\Start Menu\\Programs\\KDiff3'
    'ORIGINAL_TEMP' => '/tmp'
    'ORIGINAL_TMP' => '/tmp'
    'OS' => 'Windows_NT'
    'PATH' => 'C:\\Users\\Carlos\\bin;C:\\Program Files\\Git\\mingw64\\bin;C:\\Program Files\\Git\\usr\\local\\bin;C:\\Program Files\\Git\\usr\\bin;C:\\Program Files\\Git\\usr\\bin;C:\\Program Files\\Git\\mingw64\\bin;C:\\Program Files\\Git\\usr\\bin;C:\\Users\\Carlos\\bin;C:\\ProgramData\\Anaconda3;C:\\ProgramData\\Anaconda3\\Library\\mingw-w64\\bin;C:\\ProgramData\\Anaconda3\\Library\\usr\\bin;C:\\ProgramData\\Anaconda3\\Library\\bin;C:\\ProgramData\\Anaconda3\\Scripts;C:\\Python36\\Scripts;C:\\Python36;C:\\Python37-32\\Scripts;C:\\Python37-32;C:\\Program Files (x86)\\Common Files\\Oracle\\Java\\javapath;C:\\Program Files (x86)\\Intel\\iCLS Client;C:\\Program Files\\Intel\\iCLS Client;C:\\WINDOWS\\system32;C:\\WINDOWS;C:\\WINDOWS\\System32\\Wbem;C:\\WINDOWS\\System32\\WindowsPowerShell\\v1.0;C:\\Program Files (x86)\\Intel\\Intel(R) Management Engine Components\\DAL;C:\\Program Files\\Intel\\Intel(R) Management Engine Components\\DAL;C:\\Program Files (x86)\\Intel\\Intel(R) Management Engine Components\\IPT;C:\\Program Files\\Intel\\Intel(R) Management Engine Components\\IPT;C:\\Program Files\\TortoiseHg;C:\\php7.1.19;C:\\ProgramData\\ComposerSetup\\bin;C:\\Program Files\\nodejs;C:\\Program Files\\Git\\cmd;C:\\Program Files\\PuTTY;C:\\WINDOWS\\System32\\OpenSSH;C:\\Users\\Carlos\\AppData\\Local\\Android\\Sdk\\platforms;C:\\Users\\Carlos\\AppData\\Local\\Android\\Sdk\\platform-tools;C:\\Program Files\\Java\\jdk-11.0.1\\bin;C:\\Python37\\Scripts;C:\\Python37;C:\\Users\\Carlos\\AppData\\Local\\Microsoft\\WindowsApps;C:\\Users\\Carlos\\AppData\\Roaming\\Composer\\vendor\\bin;C:\\Users\\Carlos\\AppData\\Roaming\\npm;C:\\Users\\Carlos\\Documents\\EXECUTAVEIS\\kibana-6.3.0-windows-x86_64\\bin;C:\\Users\\Carlos\\Documents\\EXECUTAVEIS\\cmder;C:\\Program Files\\MongoDB\\Server\\4.0\\bin;C:\\xampp\\php;C:\\ffmpeg\\bin;C:\\Users\\Carlos\\AppData\\Local\\Programs\\Microsoft VS Code\\bin;C:\\Users\\Carlos\\Desktop\\_mobile\\flutter\\bin;C:\\ProgramData\\Microsoft\\Windows\\Start Menu\\Programs\\KDiff3;C:\\Program Files\\Git\\usr\\bin\\vendor_perl;C:\\Program Files\\Git\\usr\\bin\\core_perl'
    'PATHEXT' => '.COM;.EXE;.BAT;.CMD;.VBS;.VBE;.JS;.JSE;.WSF;.WSH;.MSC'
    'PKG_CONFIG_PATH' => '/mingw64/lib/pkgconfig:/mingw64/share/pkgconfig'
    'PLINK_PROTOCOL' => 'ssh'
    'PROCESSOR_ARCHITECTURE' => 'AMD64'
    'PROCESSOR_IDENTIFIER' => 'Intel64 Family 6 Model 142 Stepping 9, GenuineIntel'
    'PROCESSOR_LEVEL' => '6'
    'PROCESSOR_REVISION' => '8e09'
    'ProgramData' => 'C:\\ProgramData'
    'PROGRAMFILES' => 'C:\\Program Files'
    'ProgramFiles(x86)' => 'C:\\Program Files (x86)'
    'ProgramW6432' => 'C:\\Program Files'
    'PS1' => '\\[\\033]0;$TITLEPREFIX:$PWD\\007\\]\\n\\[\\033[32m\\]\\u@\\h \\[\\033[35m\\]$MSYSTEM \\[\\033[33m\\]\\w\\[\\033[36m\\]`__git_ps1`\\[\\033[0m\\]\\n$ '
    'PSModulePath' => 'C:\\Program Files\\WindowsPowerShell\\Modules;C:\\WINDOWS\\system32\\WindowsPowerShell\\v1.0\\Modules'
    'PUBLIC' => 'C:\\Users\\Public'
    'PWD' => '/c/projetos/RBAC'
    'SESSIONNAME' => 'Console'
    'SHELL' => 'C:\\Program Files\\Git\\usr\\bin\\bash.exe'
    'SHLVL' => '1'
    'SSH_ASKPASS' => '/mingw64/libexec/git-core/git-gui--askpass'
    'SYSTEMDRIVE' => 'C:'
    'SYSTEMROOT' => 'C:\\WINDOWS'
    'TEMP' => 'C:\\Users\\Carlos\\AppData\\Local\\Temp'
    'TMP' => 'C:\\Users\\Carlos\\AppData\\Local\\Temp'
    'TMPDIR' => 'C:\\Users\\Carlos\\AppData\\Local\\Temp'
    'USERDOMAIN' => 'LAPTOP-CNLJQPEM'
    'USERDOMAIN_ROAMINGPROFILE' => 'LAPTOP-CNLJQPEM'
    'USERNAME' => 'Carlos'
    'USERPROFILE' => 'C:\\Users\\Carlos'
    'VBOX_MSI_INSTALL_PATH' => 'C:\\Program Files\\Oracle\\VirtualBox\\'
    'WINDIR' => 'C:\\WINDOWS'
    '_' => '/usr/bin/winpty'
    'PHP_SELF' => 'yii'
    'SCRIPT_NAME' => 'yii'
    'SCRIPT_FILENAME' => 'yii'
    'PATH_TRANSLATED' => 'yii'
    'DOCUMENT_ROOT' => ''
    'REQUEST_TIME_FLOAT' => 1554689134.0207
    'REQUEST_TIME' => 1554689134
    'argv' => [
        0 => 'yii'
        1 => 'migrate'
        2 => '--migrationPath=@mdm/admin/migrations'
    ]
    'argc' => 3
]
2019-04-08 16:18:45 [-][-][-][error][yii\base\UnknownPropertyException] yii\base\UnknownPropertyException: Getting unknown property: yii\console\ErrorHandler::errorAction in C:\projetos\RBAC\vendor\yiisoft\yii2\base\Component.php:154
Stack trace:
#0 C:\projetos\RBAC\vendor\hscstudio\yii2-mimin\components\AccessControl.php(106): yii\base\Component->__get('errorAction')
#1 C:\projetos\RBAC\vendor\yiisoft\yii2\base\ActionFilter.php(73): hscstudio\mimin\components\AccessControl->isActive(Object(yii\base\InlineAction))
#2 [internal function]: yii\base\ActionFilter->beforeFilter(Object(yii\base\ActionEvent))
#3 C:\projetos\RBAC\vendor\yiisoft\yii2\base\Component.php(627): call_user_func(Array, Object(yii\base\ActionEvent))
#4 C:\projetos\RBAC\vendor\yiisoft\yii2\base\Module.php(700): yii\base\Component->trigger('beforeAction', Object(yii\base\ActionEvent))
#5 C:\projetos\RBAC\vendor\yiisoft\yii2\base\Controller.php(145): yii\base\Module->beforeAction(Object(yii\base\InlineAction))
#6 C:\projetos\RBAC\vendor\yiisoft\yii2\console\Controller.php(148): yii\base\Controller->runAction('', Array)
#7 C:\projetos\RBAC\vendor\yiisoft\yii2\base\Module.php(528): yii\console\Controller->runAction('', Array)
#8 C:\projetos\RBAC\vendor\yiisoft\yii2\console\Application.php(180): yii\base\Module->runAction('migrate', Array)
#9 C:\projetos\RBAC\vendor\yiisoft\yii2\console\Application.php(147): yii\console\Application->runAction('migrate', Array)
#10 C:\projetos\RBAC\vendor\yiisoft\yii2\base\Application.php(386): yii\console\Application->handleRequest(Object(yii\console\Request))
#11 C:\projetos\RBAC\yii(23): yii\base\Application->run()
#12 {main}
2019-04-08 16:18:45 [-][-][-][info][application] $_GET = []

$_POST = []

$_FILES = []

$_COOKIE = []

$_SERVER = [
    'ACLOCAL_PATH' => '/mingw64/share/aclocal:/usr/share/aclocal'
    'ALLUSERSPROFILE' => 'C:\\ProgramData'
    'ANDROID_HOME' => 'C:\\Users\\Carlos\\AppData\\Local\\Android\\Sdk'
    'APPDATA' => 'C:\\Users\\Carlos\\AppData\\Roaming'
    'COMMONPROGRAMFILES' => 'C:\\Program Files\\Common Files'
    'CommonProgramFiles(x86)' => 'C:\\Program Files (x86)\\Common Files'
    'CommonProgramW6432' => 'C:\\Program Files\\Common Files'
    'COMPOSE_CONVERT_WINDOWS_PATHS' => 'true'
    'COMPUTERNAME' => 'LAPTOP-CNLJQPEM'
    'COMSPEC' => 'C:\\WINDOWS\\system32\\cmd.exe'
    'CONFIG_SITE' => '/mingw64/etc/config.site'
    'DISPLAY' => 'needs-to-be-defined'
    'DOCKER_CERT_PATH' => 'C:\\Users\\Carlos\\.docker\\machine\\machines\\default'
    'DOCKER_HOST' => 'tcp://192.168.99.100:2376'
    'DOCKER_MACHINE_NAME' => 'default'
    'DOCKER_TLS_VERIFY' => '1'
    'DOCKER_TOOLBOX_INSTALL_PATH' => 'C:\\Program Files\\Docker Toolbox'
    'DriverData' => 'C:\\Windows\\System32\\Drivers\\DriverData'
    'ES_HOME' => 'C:\\Program Files\\Elastic\\Elasticsearch\\6.3.0\\'
    'ES_PATH_CONF' => 'C:\\ProgramData\\Elastic\\Elasticsearch\\config'
    'EXEPATH' => 'C:\\Program Files\\Git'
    'FPS_BROWSER_APP_PROFILE_STRING' => 'Internet Explorer'
    'FPS_BROWSER_USER_PROFILE_STRING' => 'Default'
    'HOME' => 'C:\\Users\\Carlos'
    'HOMEDRIVE' => 'C:'
    'HOMEPATH' => '\\Users\\Carlos'
    'HOSTNAME' => 'LAPTOP-CNLJQPEM'
    'INFOPATH' => '/usr/local/info:/usr/share/info:/usr/info:/share/info'
    'LANG' => 'pt_BR.UTF-8'
    'LOCALAPPDATA' => 'C:\\Users\\Carlos\\AppData\\Local'
    'LOGONSERVER' => '\\\\LAPTOP-CNLJQPEM'
    'MANPATH' => '/mingw64/local/man:/mingw64/share/man:/usr/local/man:/usr/share/man:/usr/man:/share/man'
    'MINGW_CHOST' => 'x86_64-w64-mingw32'
    'MINGW_PACKAGE_PREFIX' => 'mingw-w64-x86_64'
    'MINGW_PREFIX' => '/mingw64'
    'MSYSTEM' => 'MINGW64'
    'MSYSTEM_CARCH' => 'x86_64'
    'MSYSTEM_CHOST' => 'x86_64-w64-mingw32'
    'MSYSTEM_PREFIX' => '/mingw64'
    'NO_PROXY' => '192.168.99.100'
    'NUMBER_OF_PROCESSORS' => '4'
    'OneDrive' => 'C:\\Users\\Carlos\\OneDrive'
    'ORIGINAL_PATH' => 'C:\\Program Files\\Git\\mingw64\\bin;C:\\Program Files\\Git\\usr\\bin;C:\\Users\\Carlos\\bin;C:\\ProgramData\\Anaconda3;C:\\ProgramData\\Anaconda3\\Library\\mingw-w64\\bin;C:\\ProgramData\\Anaconda3\\Library\\usr\\bin;C:\\ProgramData\\Anaconda3\\Library\\bin;C:\\ProgramData\\Anaconda3\\Scripts;C:\\Python36\\Scripts;C:\\Python36;C:\\Python37-32\\Scripts;C:\\Python37-32;C:\\Program Files (x86)\\Common Files\\Oracle\\Java\\javapath;C:\\Program Files (x86)\\Intel\\iCLS Client;C:\\Program Files\\Intel\\iCLS Client;C:\\WINDOWS\\system32;C:\\WINDOWS;C:\\WINDOWS\\System32\\Wbem;C:\\WINDOWS\\System32\\WindowsPowerShell\\v1.0;C:\\Program Files (x86)\\Intel\\Intel(R) Management Engine Components\\DAL;C:\\Program Files\\Intel\\Intel(R) Management Engine Components\\DAL;C:\\Program Files (x86)\\Intel\\Intel(R) Management Engine Components\\IPT;C:\\Program Files\\Intel\\Intel(R) Management Engine Components\\IPT;C:\\Program Files\\TortoiseHg;C:\\php7.1.19;C:\\ProgramData\\ComposerSetup\\bin;C:\\Program Files\\nodejs;C:\\Program Files\\Git\\cmd;C:\\Program Files\\PuTTY;C:\\WINDOWS\\System32\\OpenSSH;C:\\Users\\Carlos\\AppData\\Local\\Android\\Sdk\\platforms;C:\\Users\\Carlos\\AppData\\Local\\Android\\Sdk\\platform-tools;C:\\Program Files\\Java\\jdk-11.0.1\\bin;C:\\Python37\\Scripts;C:\\Python37;C:\\Users\\Carlos\\AppData\\Local\\Microsoft\\WindowsApps;C:\\Users\\Carlos\\AppData\\Roaming\\Composer\\vendor\\bin;C:\\Users\\Carlos\\AppData\\Roaming\\npm;C:\\Users\\Carlos\\Documents\\EXECUTAVEIS\\kibana-6.3.0-windows-x86_64\\bin;C:\\Users\\Carlos\\Documents\\EXECUTAVEIS\\cmder;C:\\Program Files\\MongoDB\\Server\\4.0\\bin;C:\\xampp\\php;C:\\ffmpeg\\bin;C:\\Users\\Carlos\\AppData\\Local\\Programs\\Microsoft VS Code\\bin;C:\\Users\\Carlos\\Desktop\\_mobile\\flutter\\bin;C:\\ProgramData\\Microsoft\\Windows\\Start Menu\\Programs\\KDiff3'
    'ORIGINAL_TEMP' => '/tmp'
    'ORIGINAL_TMP' => '/tmp'
    'OS' => 'Windows_NT'
    'PATH' => 'C:\\Users\\Carlos\\bin;C:\\Program Files\\Git\\mingw64\\bin;C:\\Program Files\\Git\\usr\\local\\bin;C:\\Program Files\\Git\\usr\\bin;C:\\Program Files\\Git\\usr\\bin;C:\\Program Files\\Git\\mingw64\\bin;C:\\Program Files\\Git\\usr\\bin;C:\\Users\\Carlos\\bin;C:\\ProgramData\\Anaconda3;C:\\ProgramData\\Anaconda3\\Library\\mingw-w64\\bin;C:\\ProgramData\\Anaconda3\\Library\\usr\\bin;C:\\ProgramData\\Anaconda3\\Library\\bin;C:\\ProgramData\\Anaconda3\\Scripts;C:\\Python36\\Scripts;C:\\Python36;C:\\Python37-32\\Scripts;C:\\Python37-32;C:\\Program Files (x86)\\Common Files\\Oracle\\Java\\javapath;C:\\Program Files (x86)\\Intel\\iCLS Client;C:\\Program Files\\Intel\\iCLS Client;C:\\WINDOWS\\system32;C:\\WINDOWS;C:\\WINDOWS\\System32\\Wbem;C:\\WINDOWS\\System32\\WindowsPowerShell\\v1.0;C:\\Program Files (x86)\\Intel\\Intel(R) Management Engine Components\\DAL;C:\\Program Files\\Intel\\Intel(R) Management Engine Components\\DAL;C:\\Program Files (x86)\\Intel\\Intel(R) Management Engine Components\\IPT;C:\\Program Files\\Intel\\Intel(R) Management Engine Components\\IPT;C:\\Program Files\\TortoiseHg;C:\\php7.1.19;C:\\ProgramData\\ComposerSetup\\bin;C:\\Program Files\\nodejs;C:\\Program Files\\Git\\cmd;C:\\Program Files\\PuTTY;C:\\WINDOWS\\System32\\OpenSSH;C:\\Users\\Carlos\\AppData\\Local\\Android\\Sdk\\platforms;C:\\Users\\Carlos\\AppData\\Local\\Android\\Sdk\\platform-tools;C:\\Program Files\\Java\\jdk-11.0.1\\bin;C:\\Python37\\Scripts;C:\\Python37;C:\\Users\\Carlos\\AppData\\Local\\Microsoft\\WindowsApps;C:\\Users\\Carlos\\AppData\\Roaming\\Composer\\vendor\\bin;C:\\Users\\Carlos\\AppData\\Roaming\\npm;C:\\Users\\Carlos\\Documents\\EXECUTAVEIS\\kibana-6.3.0-windows-x86_64\\bin;C:\\Users\\Carlos\\Documents\\EXECUTAVEIS\\cmder;C:\\Program Files\\MongoDB\\Server\\4.0\\bin;C:\\xampp\\php;C:\\ffmpeg\\bin;C:\\Users\\Carlos\\AppData\\Local\\Programs\\Microsoft VS Code\\bin;C:\\Users\\Carlos\\Desktop\\_mobile\\flutter\\bin;C:\\ProgramData\\Microsoft\\Windows\\Start Menu\\Programs\\KDiff3;C:\\Program Files\\Git\\usr\\bin\\vendor_perl;C:\\Program Files\\Git\\usr\\bin\\core_perl'
    'PATHEXT' => '.COM;.EXE;.BAT;.CMD;.VBS;.VBE;.JS;.JSE;.WSF;.WSH;.MSC'
    'PKG_CONFIG_PATH' => '/mingw64/lib/pkgconfig:/mingw64/share/pkgconfig'
    'PLINK_PROTOCOL' => 'ssh'
    'PROCESSOR_ARCHITECTURE' => 'AMD64'
    'PROCESSOR_IDENTIFIER' => 'Intel64 Family 6 Model 142 Stepping 9, GenuineIntel'
    'PROCESSOR_LEVEL' => '6'
    'PROCESSOR_REVISION' => '8e09'
    'ProgramData' => 'C:\\ProgramData'
    'PROGRAMFILES' => 'C:\\Program Files'
    'ProgramFiles(x86)' => 'C:\\Program Files (x86)'
    'ProgramW6432' => 'C:\\Program Files'
    'PS1' => '\\[\\033]0;$TITLEPREFIX:$PWD\\007\\]\\n\\[\\033[32m\\]\\u@\\h \\[\\033[35m\\]$MSYSTEM \\[\\033[33m\\]\\w\\[\\033[36m\\]`__git_ps1`\\[\\033[0m\\]\\n$ '
    'PSModulePath' => 'C:\\Program Files\\WindowsPowerShell\\Modules;C:\\WINDOWS\\system32\\WindowsPowerShell\\v1.0\\Modules'
    'PUBLIC' => 'C:\\Users\\Public'
    'PWD' => '/c/projetos/RBAC'
    'SESSIONNAME' => 'Console'
    'SHELL' => 'C:\\Program Files\\Git\\usr\\bin\\bash.exe'
    'SHLVL' => '1'
    'SSH_ASKPASS' => '/mingw64/libexec/git-core/git-gui--askpass'
    'SYSTEMDRIVE' => 'C:'
    'SYSTEMROOT' => 'C:\\WINDOWS'
    'TEMP' => 'C:\\Users\\Carlos\\AppData\\Local\\Temp'
    'TMP' => 'C:\\Users\\Carlos\\AppData\\Local\\Temp'
    'TMPDIR' => 'C:\\Users\\Carlos\\AppData\\Local\\Temp'
    'USERDOMAIN' => 'LAPTOP-CNLJQPEM'
    'USERDOMAIN_ROAMINGPROFILE' => 'LAPTOP-CNLJQPEM'
    'USERNAME' => 'Carlos'
    'USERPROFILE' => 'C:\\Users\\Carlos'
    'VBOX_MSI_INSTALL_PATH' => 'C:\\Program Files\\Oracle\\VirtualBox\\'
    'WINDIR' => 'C:\\WINDOWS'
    '_' => '/usr/bin/winpty'
    'PHP_SELF' => 'yii'
    'SCRIPT_NAME' => 'yii'
    'SCRIPT_FILENAME' => 'yii'
    'PATH_TRANSLATED' => 'yii'
    'DOCUMENT_ROOT' => ''
    'REQUEST_TIME_FLOAT' => 1554740325.3002
    'REQUEST_TIME' => 1554740325
    'argv' => [
        0 => 'yii'
        1 => 'migrate'
        2 => '--migrationPath=@hscstudio/mimin/migrations'
    ]
    'argc' => 3
]
2019-04-08 16:20:26 [-][-][-][error][yii\base\UnknownPropertyException] yii\base\UnknownPropertyException: Getting unknown property: yii\console\ErrorHandler::errorAction in C:\projetos\RBAC\vendor\yiisoft\yii2\base\Component.php:154
Stack trace:
#0 C:\projetos\RBAC\vendor\hscstudio\yii2-mimin\components\AccessControl.php(106): yii\base\Component->__get('errorAction')
#1 C:\projetos\RBAC\vendor\yiisoft\yii2\base\ActionFilter.php(73): hscstudio\mimin\components\AccessControl->isActive(Object(yii\base\InlineAction))
#2 [internal function]: yii\base\ActionFilter->beforeFilter(Object(yii\base\ActionEvent))
#3 C:\projetos\RBAC\vendor\yiisoft\yii2\base\Component.php(627): call_user_func(Array, Object(yii\base\ActionEvent))
#4 C:\projetos\RBAC\vendor\yiisoft\yii2\base\Module.php(700): yii\base\Component->trigger('beforeAction', Object(yii\base\ActionEvent))
#5 C:\projetos\RBAC\vendor\yiisoft\yii2\base\Controller.php(145): yii\base\Module->beforeAction(Object(yii\base\InlineAction))
#6 C:\projetos\RBAC\vendor\yiisoft\yii2\console\Controller.php(148): yii\base\Controller->runAction('', Array)
#7 C:\projetos\RBAC\vendor\yiisoft\yii2\base\Module.php(528): yii\console\Controller->runAction('', Array)
#8 C:\projetos\RBAC\vendor\yiisoft\yii2\console\Application.php(180): yii\base\Module->runAction('migrate', Array)
#9 C:\projetos\RBAC\vendor\yiisoft\yii2\console\Application.php(147): yii\console\Application->runAction('migrate', Array)
#10 C:\projetos\RBAC\vendor\yiisoft\yii2\base\Application.php(386): yii\console\Application->handleRequest(Object(yii\console\Request))
#11 C:\projetos\RBAC\yii(23): yii\base\Application->run()
#12 {main}
2019-04-08 16:20:26 [-][-][-][info][application] $_GET = []

$_POST = []

$_FILES = []

$_COOKIE = []

$_SERVER = [
    'ACLOCAL_PATH' => '/mingw64/share/aclocal:/usr/share/aclocal'
    'ALLUSERSPROFILE' => 'C:\\ProgramData'
    'ANDROID_HOME' => 'C:\\Users\\Carlos\\AppData\\Local\\Android\\Sdk'
    'APPDATA' => 'C:\\Users\\Carlos\\AppData\\Roaming'
    'COMMONPROGRAMFILES' => 'C:\\Program Files\\Common Files'
    'CommonProgramFiles(x86)' => 'C:\\Program Files (x86)\\Common Files'
    'CommonProgramW6432' => 'C:\\Program Files\\Common Files'
    'COMPOSE_CONVERT_WINDOWS_PATHS' => 'true'
    'COMPUTERNAME' => 'LAPTOP-CNLJQPEM'
    'COMSPEC' => 'C:\\WINDOWS\\system32\\cmd.exe'
    'CONFIG_SITE' => '/mingw64/etc/config.site'
    'DISPLAY' => 'needs-to-be-defined'
    'DOCKER_CERT_PATH' => 'C:\\Users\\Carlos\\.docker\\machine\\machines\\default'
    'DOCKER_HOST' => 'tcp://192.168.99.100:2376'
    'DOCKER_MACHINE_NAME' => 'default'
    'DOCKER_TLS_VERIFY' => '1'
    'DOCKER_TOOLBOX_INSTALL_PATH' => 'C:\\Program Files\\Docker Toolbox'
    'DriverData' => 'C:\\Windows\\System32\\Drivers\\DriverData'
    'ES_HOME' => 'C:\\Program Files\\Elastic\\Elasticsearch\\6.3.0\\'
    'ES_PATH_CONF' => 'C:\\ProgramData\\Elastic\\Elasticsearch\\config'
    'EXEPATH' => 'C:\\Program Files\\Git'
    'FPS_BROWSER_APP_PROFILE_STRING' => 'Internet Explorer'
    'FPS_BROWSER_USER_PROFILE_STRING' => 'Default'
    'HOME' => 'C:\\Users\\Carlos'
    'HOMEDRIVE' => 'C:'
    'HOMEPATH' => '\\Users\\Carlos'
    'HOSTNAME' => 'LAPTOP-CNLJQPEM'
    'INFOPATH' => '/usr/local/info:/usr/share/info:/usr/info:/share/info'
    'LANG' => 'pt_BR.UTF-8'
    'LOCALAPPDATA' => 'C:\\Users\\Carlos\\AppData\\Local'
    'LOGONSERVER' => '\\\\LAPTOP-CNLJQPEM'
    'MANPATH' => '/mingw64/local/man:/mingw64/share/man:/usr/local/man:/usr/share/man:/usr/man:/share/man'
    'MINGW_CHOST' => 'x86_64-w64-mingw32'
    'MINGW_PACKAGE_PREFIX' => 'mingw-w64-x86_64'
    'MINGW_PREFIX' => '/mingw64'
    'MSYSTEM' => 'MINGW64'
    'MSYSTEM_CARCH' => 'x86_64'
    'MSYSTEM_CHOST' => 'x86_64-w64-mingw32'
    'MSYSTEM_PREFIX' => '/mingw64'
    'NO_PROXY' => '192.168.99.100'
    'NUMBER_OF_PROCESSORS' => '4'
    'OneDrive' => 'C:\\Users\\Carlos\\OneDrive'
    'ORIGINAL_PATH' => 'C:\\Program Files\\Git\\mingw64\\bin;C:\\Program Files\\Git\\usr\\bin;C:\\Users\\Carlos\\bin;C:\\ProgramData\\Anaconda3;C:\\ProgramData\\Anaconda3\\Library\\mingw-w64\\bin;C:\\ProgramData\\Anaconda3\\Library\\usr\\bin;C:\\ProgramData\\Anaconda3\\Library\\bin;C:\\ProgramData\\Anaconda3\\Scripts;C:\\Python36\\Scripts;C:\\Python36;C:\\Python37-32\\Scripts;C:\\Python37-32;C:\\Program Files (x86)\\Common Files\\Oracle\\Java\\javapath;C:\\Program Files (x86)\\Intel\\iCLS Client;C:\\Program Files\\Intel\\iCLS Client;C:\\WINDOWS\\system32;C:\\WINDOWS;C:\\WINDOWS\\System32\\Wbem;C:\\WINDOWS\\System32\\WindowsPowerShell\\v1.0;C:\\Program Files (x86)\\Intel\\Intel(R) Management Engine Components\\DAL;C:\\Program Files\\Intel\\Intel(R) Management Engine Components\\DAL;C:\\Program Files (x86)\\Intel\\Intel(R) Management Engine Components\\IPT;C:\\Program Files\\Intel\\Intel(R) Management Engine Components\\IPT;C:\\Program Files\\TortoiseHg;C:\\php7.1.19;C:\\ProgramData\\ComposerSetup\\bin;C:\\Program Files\\nodejs;C:\\Program Files\\Git\\cmd;C:\\Program Files\\PuTTY;C:\\WINDOWS\\System32\\OpenSSH;C:\\Users\\Carlos\\AppData\\Local\\Android\\Sdk\\platforms;C:\\Users\\Carlos\\AppData\\Local\\Android\\Sdk\\platform-tools;C:\\Program Files\\Java\\jdk-11.0.1\\bin;C:\\Python37\\Scripts;C:\\Python37;C:\\Users\\Carlos\\AppData\\Local\\Microsoft\\WindowsApps;C:\\Users\\Carlos\\AppData\\Roaming\\Composer\\vendor\\bin;C:\\Users\\Carlos\\AppData\\Roaming\\npm;C:\\Users\\Carlos\\Documents\\EXECUTAVEIS\\kibana-6.3.0-windows-x86_64\\bin;C:\\Users\\Carlos\\Documents\\EXECUTAVEIS\\cmder;C:\\Program Files\\MongoDB\\Server\\4.0\\bin;C:\\xampp\\php;C:\\ffmpeg\\bin;C:\\Users\\Carlos\\AppData\\Local\\Programs\\Microsoft VS Code\\bin;C:\\Users\\Carlos\\Desktop\\_mobile\\flutter\\bin;C:\\ProgramData\\Microsoft\\Windows\\Start Menu\\Programs\\KDiff3'
    'ORIGINAL_TEMP' => '/tmp'
    'ORIGINAL_TMP' => '/tmp'
    'OS' => 'Windows_NT'
    'PATH' => 'C:\\Users\\Carlos\\bin;C:\\Program Files\\Git\\mingw64\\bin;C:\\Program Files\\Git\\usr\\local\\bin;C:\\Program Files\\Git\\usr\\bin;C:\\Program Files\\Git\\usr\\bin;C:\\Program Files\\Git\\mingw64\\bin;C:\\Program Files\\Git\\usr\\bin;C:\\Users\\Carlos\\bin;C:\\ProgramData\\Anaconda3;C:\\ProgramData\\Anaconda3\\Library\\mingw-w64\\bin;C:\\ProgramData\\Anaconda3\\Library\\usr\\bin;C:\\ProgramData\\Anaconda3\\Library\\bin;C:\\ProgramData\\Anaconda3\\Scripts;C:\\Python36\\Scripts;C:\\Python36;C:\\Python37-32\\Scripts;C:\\Python37-32;C:\\Program Files (x86)\\Common Files\\Oracle\\Java\\javapath;C:\\Program Files (x86)\\Intel\\iCLS Client;C:\\Program Files\\Intel\\iCLS Client;C:\\WINDOWS\\system32;C:\\WINDOWS;C:\\WINDOWS\\System32\\Wbem;C:\\WINDOWS\\System32\\WindowsPowerShell\\v1.0;C:\\Program Files (x86)\\Intel\\Intel(R) Management Engine Components\\DAL;C:\\Program Files\\Intel\\Intel(R) Management Engine Components\\DAL;C:\\Program Files (x86)\\Intel\\Intel(R) Management Engine Components\\IPT;C:\\Program Files\\Intel\\Intel(R) Management Engine Components\\IPT;C:\\Program Files\\TortoiseHg;C:\\php7.1.19;C:\\ProgramData\\ComposerSetup\\bin;C:\\Program Files\\nodejs;C:\\Program Files\\Git\\cmd;C:\\Program Files\\PuTTY;C:\\WINDOWS\\System32\\OpenSSH;C:\\Users\\Carlos\\AppData\\Local\\Android\\Sdk\\platforms;C:\\Users\\Carlos\\AppData\\Local\\Android\\Sdk\\platform-tools;C:\\Program Files\\Java\\jdk-11.0.1\\bin;C:\\Python37\\Scripts;C:\\Python37;C:\\Users\\Carlos\\AppData\\Local\\Microsoft\\WindowsApps;C:\\Users\\Carlos\\AppData\\Roaming\\Composer\\vendor\\bin;C:\\Users\\Carlos\\AppData\\Roaming\\npm;C:\\Users\\Carlos\\Documents\\EXECUTAVEIS\\kibana-6.3.0-windows-x86_64\\bin;C:\\Users\\Carlos\\Documents\\EXECUTAVEIS\\cmder;C:\\Program Files\\MongoDB\\Server\\4.0\\bin;C:\\xampp\\php;C:\\ffmpeg\\bin;C:\\Users\\Carlos\\AppData\\Local\\Programs\\Microsoft VS Code\\bin;C:\\Users\\Carlos\\Desktop\\_mobile\\flutter\\bin;C:\\ProgramData\\Microsoft\\Windows\\Start Menu\\Programs\\KDiff3;C:\\Program Files\\Git\\usr\\bin\\vendor_perl;C:\\Program Files\\Git\\usr\\bin\\core_perl'
    'PATHEXT' => '.COM;.EXE;.BAT;.CMD;.VBS;.VBE;.JS;.JSE;.WSF;.WSH;.MSC'
    'PKG_CONFIG_PATH' => '/mingw64/lib/pkgconfig:/mingw64/share/pkgconfig'
    'PLINK_PROTOCOL' => 'ssh'
    'PROCESSOR_ARCHITECTURE' => 'AMD64'
    'PROCESSOR_IDENTIFIER' => 'Intel64 Family 6 Model 142 Stepping 9, GenuineIntel'
    'PROCESSOR_LEVEL' => '6'
    'PROCESSOR_REVISION' => '8e09'
    'ProgramData' => 'C:\\ProgramData'
    'PROGRAMFILES' => 'C:\\Program Files'
    'ProgramFiles(x86)' => 'C:\\Program Files (x86)'
    'ProgramW6432' => 'C:\\Program Files'
    'PS1' => '\\[\\033]0;$TITLEPREFIX:$PWD\\007\\]\\n\\[\\033[32m\\]\\u@\\h \\[\\033[35m\\]$MSYSTEM \\[\\033[33m\\]\\w\\[\\033[36m\\]`__git_ps1`\\[\\033[0m\\]\\n$ '
    'PSModulePath' => 'C:\\Program Files\\WindowsPowerShell\\Modules;C:\\WINDOWS\\system32\\WindowsPowerShell\\v1.0\\Modules'
    'PUBLIC' => 'C:\\Users\\Public'
    'PWD' => '/c/projetos/RBAC'
    'SESSIONNAME' => 'Console'
    'SHELL' => 'C:\\Program Files\\Git\\usr\\bin\\bash.exe'
    'SHLVL' => '1'
    'SSH_ASKPASS' => '/mingw64/libexec/git-core/git-gui--askpass'
    'SYSTEMDRIVE' => 'C:'
    'SYSTEMROOT' => 'C:\\WINDOWS'
    'TEMP' => 'C:\\Users\\Carlos\\AppData\\Local\\Temp'
    'TMP' => 'C:\\Users\\Carlos\\AppData\\Local\\Temp'
    'TMPDIR' => 'C:\\Users\\Carlos\\AppData\\Local\\Temp'
    'USERDOMAIN' => 'LAPTOP-CNLJQPEM'
    'USERDOMAIN_ROAMINGPROFILE' => 'LAPTOP-CNLJQPEM'
    'USERNAME' => 'Carlos'
    'USERPROFILE' => 'C:\\Users\\Carlos'
    'VBOX_MSI_INSTALL_PATH' => 'C:\\Program Files\\Oracle\\VirtualBox\\'
    'WINDIR' => 'C:\\WINDOWS'
    '_' => '/usr/bin/winpty'
    'PHP_SELF' => 'yii'
    'SCRIPT_NAME' => 'yii'
    'SCRIPT_FILENAME' => 'yii'
    'PATH_TRANSLATED' => 'yii'
    'DOCUMENT_ROOT' => ''
    'REQUEST_TIME_FLOAT' => 1554740426.2456
    'REQUEST_TIME' => 1554740426
    'argv' => [
        0 => 'yii'
        1 => 'migrate'
        2 => '--migrationPath=@hscstudio/mimin/migrations'
    ]
    'argc' => 3
]
2019-04-08 16:21:56 [-][-][-][error][yii\base\UnknownPropertyException] yii\base\UnknownPropertyException: Getting unknown property: yii\console\ErrorHandler::errorAction in C:\projetos\RBAC\vendor\yiisoft\yii2\base\Component.php:154
Stack trace:
#0 C:\projetos\RBAC\vendor\hscstudio\yii2-mimin\components\AccessControl.php(106): yii\base\Component->__get('errorAction')
#1 C:\projetos\RBAC\vendor\yiisoft\yii2\base\ActionFilter.php(73): hscstudio\mimin\components\AccessControl->isActive(Object(yii\base\InlineAction))
#2 [internal function]: yii\base\ActionFilter->beforeFilter(Object(yii\base\ActionEvent))
#3 C:\projetos\RBAC\vendor\yiisoft\yii2\base\Component.php(627): call_user_func(Array, Object(yii\base\ActionEvent))
#4 C:\projetos\RBAC\vendor\yiisoft\yii2\base\Module.php(700): yii\base\Component->trigger('beforeAction', Object(yii\base\ActionEvent))
#5 C:\projetos\RBAC\vendor\yiisoft\yii2\base\Controller.php(145): yii\base\Module->beforeAction(Object(yii\base\InlineAction))
#6 C:\projetos\RBAC\vendor\yiisoft\yii2\console\Controller.php(148): yii\base\Controller->runAction('', Array)
#7 C:\projetos\RBAC\vendor\yiisoft\yii2\base\Module.php(528): yii\console\Controller->runAction('', Array)
#8 C:\projetos\RBAC\vendor\yiisoft\yii2\console\Application.php(180): yii\base\Module->runAction('migrate', Array)
#9 C:\projetos\RBAC\vendor\yiisoft\yii2\console\Application.php(147): yii\console\Application->runAction('migrate', Array)
#10 C:\projetos\RBAC\vendor\yiisoft\yii2\base\Application.php(386): yii\console\Application->handleRequest(Object(yii\console\Request))
#11 C:\projetos\RBAC\yii(23): yii\base\Application->run()
#12 {main}
2019-04-08 16:21:56 [-][-][-][info][application] $_GET = []

$_POST = []

$_FILES = []

$_COOKIE = []

$_SERVER = [
    'ACLOCAL_PATH' => '/mingw64/share/aclocal:/usr/share/aclocal'
    'ALLUSERSPROFILE' => 'C:\\ProgramData'
    'ANDROID_HOME' => 'C:\\Users\\Carlos\\AppData\\Local\\Android\\Sdk'
    'APPDATA' => 'C:\\Users\\Carlos\\AppData\\Roaming'
    'COMMONPROGRAMFILES' => 'C:\\Program Files\\Common Files'
    'CommonProgramFiles(x86)' => 'C:\\Program Files (x86)\\Common Files'
    'CommonProgramW6432' => 'C:\\Program Files\\Common Files'
    'COMPOSE_CONVERT_WINDOWS_PATHS' => 'true'
    'COMPUTERNAME' => 'LAPTOP-CNLJQPEM'
    'COMSPEC' => 'C:\\WINDOWS\\system32\\cmd.exe'
    'CONFIG_SITE' => '/mingw64/etc/config.site'
    'DISPLAY' => 'needs-to-be-defined'
    'DOCKER_CERT_PATH' => 'C:\\Users\\Carlos\\.docker\\machine\\machines\\default'
    'DOCKER_HOST' => 'tcp://192.168.99.100:2376'
    'DOCKER_MACHINE_NAME' => 'default'
    'DOCKER_TLS_VERIFY' => '1'
    'DOCKER_TOOLBOX_INSTALL_PATH' => 'C:\\Program Files\\Docker Toolbox'
    'DriverData' => 'C:\\Windows\\System32\\Drivers\\DriverData'
    'ES_HOME' => 'C:\\Program Files\\Elastic\\Elasticsearch\\6.3.0\\'
    'ES_PATH_CONF' => 'C:\\ProgramData\\Elastic\\Elasticsearch\\config'
    'EXEPATH' => 'C:\\Program Files\\Git'
    'FPS_BROWSER_APP_PROFILE_STRING' => 'Internet Explorer'
    'FPS_BROWSER_USER_PROFILE_STRING' => 'Default'
    'HOME' => 'C:\\Users\\Carlos'
    'HOMEDRIVE' => 'C:'
    'HOMEPATH' => '\\Users\\Carlos'
    'HOSTNAME' => 'LAPTOP-CNLJQPEM'
    'INFOPATH' => '/usr/local/info:/usr/share/info:/usr/info:/share/info'
    'LANG' => 'pt_BR.UTF-8'
    'LOCALAPPDATA' => 'C:\\Users\\Carlos\\AppData\\Local'
    'LOGONSERVER' => '\\\\LAPTOP-CNLJQPEM'
    'MANPATH' => '/mingw64/local/man:/mingw64/share/man:/usr/local/man:/usr/share/man:/usr/man:/share/man'
    'MINGW_CHOST' => 'x86_64-w64-mingw32'
    'MINGW_PACKAGE_PREFIX' => 'mingw-w64-x86_64'
    'MINGW_PREFIX' => '/mingw64'
    'MSYSTEM' => 'MINGW64'
    'MSYSTEM_CARCH' => 'x86_64'
    'MSYSTEM_CHOST' => 'x86_64-w64-mingw32'
    'MSYSTEM_PREFIX' => '/mingw64'
    'NO_PROXY' => '192.168.99.100'
    'NUMBER_OF_PROCESSORS' => '4'
    'OneDrive' => 'C:\\Users\\Carlos\\OneDrive'
    'ORIGINAL_PATH' => 'C:\\Program Files\\Git\\mingw64\\bin;C:\\Program Files\\Git\\usr\\bin;C:\\Users\\Carlos\\bin;C:\\ProgramData\\Anaconda3;C:\\ProgramData\\Anaconda3\\Library\\mingw-w64\\bin;C:\\ProgramData\\Anaconda3\\Library\\usr\\bin;C:\\ProgramData\\Anaconda3\\Library\\bin;C:\\ProgramData\\Anaconda3\\Scripts;C:\\Python36\\Scripts;C:\\Python36;C:\\Python37-32\\Scripts;C:\\Python37-32;C:\\Program Files (x86)\\Common Files\\Oracle\\Java\\javapath;C:\\Program Files (x86)\\Intel\\iCLS Client;C:\\Program Files\\Intel\\iCLS Client;C:\\WINDOWS\\system32;C:\\WINDOWS;C:\\WINDOWS\\System32\\Wbem;C:\\WINDOWS\\System32\\WindowsPowerShell\\v1.0;C:\\Program Files (x86)\\Intel\\Intel(R) Management Engine Components\\DAL;C:\\Program Files\\Intel\\Intel(R) Management Engine Components\\DAL;C:\\Program Files (x86)\\Intel\\Intel(R) Management Engine Components\\IPT;C:\\Program Files\\Intel\\Intel(R) Management Engine Components\\IPT;C:\\Program Files\\TortoiseHg;C:\\php7.1.19;C:\\ProgramData\\ComposerSetup\\bin;C:\\Program Files\\nodejs;C:\\Program Files\\Git\\cmd;C:\\Program Files\\PuTTY;C:\\WINDOWS\\System32\\OpenSSH;C:\\Users\\Carlos\\AppData\\Local\\Android\\Sdk\\platforms;C:\\Users\\Carlos\\AppData\\Local\\Android\\Sdk\\platform-tools;C:\\Program Files\\Java\\jdk-11.0.1\\bin;C:\\Python37\\Scripts;C:\\Python37;C:\\Users\\Carlos\\AppData\\Local\\Microsoft\\WindowsApps;C:\\Users\\Carlos\\AppData\\Roaming\\Composer\\vendor\\bin;C:\\Users\\Carlos\\AppData\\Roaming\\npm;C:\\Users\\Carlos\\Documents\\EXECUTAVEIS\\kibana-6.3.0-windows-x86_64\\bin;C:\\Users\\Carlos\\Documents\\EXECUTAVEIS\\cmder;C:\\Program Files\\MongoDB\\Server\\4.0\\bin;C:\\xampp\\php;C:\\ffmpeg\\bin;C:\\Users\\Carlos\\AppData\\Local\\Programs\\Microsoft VS Code\\bin;C:\\Users\\Carlos\\Desktop\\_mobile\\flutter\\bin;C:\\ProgramData\\Microsoft\\Windows\\Start Menu\\Programs\\KDiff3'
    'ORIGINAL_TEMP' => '/tmp'
    'ORIGINAL_TMP' => '/tmp'
    'OS' => 'Windows_NT'
    'PATH' => 'C:\\Users\\Carlos\\bin;C:\\Program Files\\Git\\mingw64\\bin;C:\\Program Files\\Git\\usr\\local\\bin;C:\\Program Files\\Git\\usr\\bin;C:\\Program Files\\Git\\usr\\bin;C:\\Program Files\\Git\\mingw64\\bin;C:\\Program Files\\Git\\usr\\bin;C:\\Users\\Carlos\\bin;C:\\ProgramData\\Anaconda3;C:\\ProgramData\\Anaconda3\\Library\\mingw-w64\\bin;C:\\ProgramData\\Anaconda3\\Library\\usr\\bin;C:\\ProgramData\\Anaconda3\\Library\\bin;C:\\ProgramData\\Anaconda3\\Scripts;C:\\Python36\\Scripts;C:\\Python36;C:\\Python37-32\\Scripts;C:\\Python37-32;C:\\Program Files (x86)\\Common Files\\Oracle\\Java\\javapath;C:\\Program Files (x86)\\Intel\\iCLS Client;C:\\Program Files\\Intel\\iCLS Client;C:\\WINDOWS\\system32;C:\\WINDOWS;C:\\WINDOWS\\System32\\Wbem;C:\\WINDOWS\\System32\\WindowsPowerShell\\v1.0;C:\\Program Files (x86)\\Intel\\Intel(R) Management Engine Components\\DAL;C:\\Program Files\\Intel\\Intel(R) Management Engine Components\\DAL;C:\\Program Files (x86)\\Intel\\Intel(R) Management Engine Components\\IPT;C:\\Program Files\\Intel\\Intel(R) Management Engine Components\\IPT;C:\\Program Files\\TortoiseHg;C:\\php7.1.19;C:\\ProgramData\\ComposerSetup\\bin;C:\\Program Files\\nodejs;C:\\Program Files\\Git\\cmd;C:\\Program Files\\PuTTY;C:\\WINDOWS\\System32\\OpenSSH;C:\\Users\\Carlos\\AppData\\Local\\Android\\Sdk\\platforms;C:\\Users\\Carlos\\AppData\\Local\\Android\\Sdk\\platform-tools;C:\\Program Files\\Java\\jdk-11.0.1\\bin;C:\\Python37\\Scripts;C:\\Python37;C:\\Users\\Carlos\\AppData\\Local\\Microsoft\\WindowsApps;C:\\Users\\Carlos\\AppData\\Roaming\\Composer\\vendor\\bin;C:\\Users\\Carlos\\AppData\\Roaming\\npm;C:\\Users\\Carlos\\Documents\\EXECUTAVEIS\\kibana-6.3.0-windows-x86_64\\bin;C:\\Users\\Carlos\\Documents\\EXECUTAVEIS\\cmder;C:\\Program Files\\MongoDB\\Server\\4.0\\bin;C:\\xampp\\php;C:\\ffmpeg\\bin;C:\\Users\\Carlos\\AppData\\Local\\Programs\\Microsoft VS Code\\bin;C:\\Users\\Carlos\\Desktop\\_mobile\\flutter\\bin;C:\\ProgramData\\Microsoft\\Windows\\Start Menu\\Programs\\KDiff3;C:\\Program Files\\Git\\usr\\bin\\vendor_perl;C:\\Program Files\\Git\\usr\\bin\\core_perl'
    'PATHEXT' => '.COM;.EXE;.BAT;.CMD;.VBS;.VBE;.JS;.JSE;.WSF;.WSH;.MSC'
    'PKG_CONFIG_PATH' => '/mingw64/lib/pkgconfig:/mingw64/share/pkgconfig'
    'PLINK_PROTOCOL' => 'ssh'
    'PROCESSOR_ARCHITECTURE' => 'AMD64'
    'PROCESSOR_IDENTIFIER' => 'Intel64 Family 6 Model 142 Stepping 9, GenuineIntel'
    'PROCESSOR_LEVEL' => '6'
    'PROCESSOR_REVISION' => '8e09'
    'ProgramData' => 'C:\\ProgramData'
    'PROGRAMFILES' => 'C:\\Program Files'
    'ProgramFiles(x86)' => 'C:\\Program Files (x86)'
    'ProgramW6432' => 'C:\\Program Files'
    'PS1' => '\\[\\033]0;$TITLEPREFIX:$PWD\\007\\]\\n\\[\\033[32m\\]\\u@\\h \\[\\033[35m\\]$MSYSTEM \\[\\033[33m\\]\\w\\[\\033[36m\\]`__git_ps1`\\[\\033[0m\\]\\n$ '
    'PSModulePath' => 'C:\\Program Files\\WindowsPowerShell\\Modules;C:\\WINDOWS\\system32\\WindowsPowerShell\\v1.0\\Modules'
    'PUBLIC' => 'C:\\Users\\Public'
    'PWD' => '/c/projetos/RBAC'
    'SESSIONNAME' => 'Console'
    'SHELL' => 'C:\\Program Files\\Git\\usr\\bin\\bash.exe'
    'SHLVL' => '1'
    'SSH_ASKPASS' => '/mingw64/libexec/git-core/git-gui--askpass'
    'SYSTEMDRIVE' => 'C:'
    'SYSTEMROOT' => 'C:\\WINDOWS'
    'TEMP' => 'C:\\Users\\Carlos\\AppData\\Local\\Temp'
    'TMP' => 'C:\\Users\\Carlos\\AppData\\Local\\Temp'
    'TMPDIR' => 'C:\\Users\\Carlos\\AppData\\Local\\Temp'
    'USERDOMAIN' => 'LAPTOP-CNLJQPEM'
    'USERDOMAIN_ROAMINGPROFILE' => 'LAPTOP-CNLJQPEM'
    'USERNAME' => 'Carlos'
    'USERPROFILE' => 'C:\\Users\\Carlos'
    'VBOX_MSI_INSTALL_PATH' => 'C:\\Program Files\\Oracle\\VirtualBox\\'
    'WINDIR' => 'C:\\WINDOWS'
    '_' => '/usr/bin/winpty'
    'PHP_SELF' => 'yii'
    'SCRIPT_NAME' => 'yii'
    'SCRIPT_FILENAME' => 'yii'
    'PATH_TRANSLATED' => 'yii'
    'DOCUMENT_ROOT' => ''
    'REQUEST_TIME_FLOAT' => 1554740516.1337
    'REQUEST_TIME' => 1554740516
    'argv' => [
        0 => 'yii'
        1 => 'migrate'
        2 => '--migrationPath=@hscstudio/mimin/migrations/old'
    ]
    'argc' => 3
]
